{"message":"() => new Date().toISOString() - 400 - Please use a valid Shop route - /api/v1/shops - GET ","level":"error","service":"user-service"}
{"message":"() => new Date().toISOString() - 404 - No Shop Found for the given id - /api/v1/shops/999 - GET ","level":"error","service":"user-service"}
{"message":"SequelizeValidationError - () => new Date().toISOString() - 500 - Validation error: Validation isNumeric on siret failed,\nValidation error: Validation isEmail on email failed - /api/v1/shops - POST ","level":"error","service":"user-service"}
{"message":"SequelizeValidationError - () => new Date().toISOString() - 500 - Validation error: Validation isNumeric on siret failed,\nValidation error: Validation len on siren failed,\nValidation error: Validation is on phoneNumber failed,\nValidation error: Validation isEmail on email failed - /api/v1/shops/5826 - PUT ","level":"error","service":"user-service"}
{"message":"() => new Date().toISOString() - 404 - this shop don't exist - /api/v1/shops/999 - PUT ","level":"error","service":"user-service"}
{"message":"() => new Date().toISOString() - 404 - this shop don't exist - /api/v1/shops/999 - DELETE ","level":"error","service":"user-service"}
{"message":"() => new Date().toISOString() - 400 - Please use a valid Shop route - /api/v1/shops - GET ","level":"error","service":"user-service"}
{"message":"() => new Date().toISOString() - 404 - No Shop Found for the given id - /api/v1/shops/999 - GET ","level":"error","service":"user-service"}
{"message":"SequelizeValidationError - () => new Date().toISOString() - 500 - Validation error: Validation isNumeric on siret failed,\nValidation error: Validation isEmail on email failed - /api/v1/shops - POST ","level":"error","service":"user-service"}
{"message":"SequelizeValidationError - () => new Date().toISOString() - 500 - Validation error: Validation isNumeric on siret failed,\nValidation error: Validation len on siren failed,\nValidation error: Validation is on phoneNumber failed,\nValidation error: Validation isEmail on email failed - /api/v1/shops/5845 - PUT ","level":"error","service":"user-service"}
{"message":"() => new Date().toISOString() - 404 - this shop don't exist - /api/v1/shops/999 - PUT ","level":"error","service":"user-service"}
{"message":"() => new Date().toISOString() - 404 - this shop don't exist - /api/v1/shops/999 - DELETE ","level":"error","service":"user-service"}
{"message":"() => new Date().toISOString() - 400 - Please use a valid Shop route - /api/v1/shops - GET ","level":"error","service":"user-service"}
{"message":"() => new Date().toISOString() - 404 - No Shop Found for the given id - /api/v1/shops/5858 - GET ","level":"error","service":"user-service"}
{"message":"() => new Date().toISOString() - 404 - No Shop Found for the given id - /api/v1/shops/999 - GET ","level":"error","service":"user-service"}
{"message":"SequelizeValidationError - () => new Date().toISOString() - 500 - Validation error: Validation isNumeric on siret failed,\nValidation error: Validation isEmail on email failed - /api/v1/shops - POST ","level":"error","service":"user-service"}
{"message":"SequelizeValidationError - () => new Date().toISOString() - 500 - Validation error: Validation isNumeric on siret failed,\nValidation error: Validation len on siren failed,\nValidation error: Validation is on phoneNumber failed,\nValidation error: Validation isEmail on email failed - /api/v1/shops/5866 - PUT ","level":"error","service":"user-service"}
{"message":"() => new Date().toISOString() - 404 - this shop don't exist - /api/v1/shops/999 - PUT ","level":"error","service":"user-service"}
{"message":"() => new Date().toISOString() - 404 - this shop don't exist - /api/v1/shops/999 - DELETE ","level":"error","service":"user-service"}
{"message":"2019-03-06T20:35:02.152Z - 404 - No shops found !!! - /api/v1/shops/p/1 - GET ","level":"error","service":"user-service"}
{"message":"2019-03-06T20:35:02.288Z - 400 - Please use a valid Shop route - /api/v1/shops - GET ","level":"error","service":"user-service"}
{"message":"2019-03-06T20:35:02.425Z - 404 - No Shop Found for the given id - /api/v1/shops/999 - GET ","level":"error","service":"user-service"}
{"message":"SequelizeValidationError - 2019-03-06T20:35:02.699Z - 500 - Validation error: Validation isNumeric on siret failed,\nValidation error: Validation isEmail on email failed - /api/v1/shops - POST ","level":"error","service":"user-service"}
{"message":"SequelizeValidationError - 2019-03-06T20:35:02.798Z - 500 - Validation error: Validation isNumeric on siret failed,\nValidation error: Validation len on siren failed,\nValidation error: Validation is on phoneNumber failed,\nValidation error: Validation isEmail on email failed - /api/v1/shops/5882 - PUT ","level":"error","service":"user-service"}
{"message":"2019-03-06T20:35:02.798Z - 404 - this shop don't exist - /api/v1/shops/999 - PUT ","level":"error","service":"user-service"}
{"message":"2019-03-06T20:35:02.868Z - 404 - this shop don't exist - /api/v1/shops/999 - DELETE ","level":"error","service":"user-service"}
